

***********************************************************************
Fatal NI connect error 12170.

  VERSION INFORMATION:
	TNS for Linux: Version 10.2.0.3.0 - Production
	TCP/IP NT Protocol Adapter for Linux: Version 10.2.0.3.0 - Production
  Time: 17-MAR-2011 22:13:38
  Tracing not turned on.
  Tns error struct:
    ns main err code: 12535
    TNS-12535: Message 12535 not found; No message file for product=network, facility=TNS
    ns secondary err code: 12560
    nt main err code: 505
    TNS-00505: Message 505 not found; No message file for product=network, facility=TNS
    nt secondary err code: 110
    nt OS err code: 0


***********************************************************************
Fatal NI connect error 12170.

  VERSION INFORMATION:
	TNS for Linux: Version 10.2.0.3.0 - Production
	TCP/IP NT Protocol Adapter for Linux: Version 10.2.0.3.0 - Production
  Time: 17-MAR-2011 22:36:06
  Tracing not turned on.
  Tns error struct:
    ns main err code: 12535
    TNS-12535: Message 12535 not found; No message file for product=network, facility=TNS
    ns secondary err code: 12560
    nt main err code: 505
    TNS-00505: Message 505 not found; No message file for product=network, facility=TNS
    nt secondary err code: 110
    nt OS err code: 0


***********************************************************************
Fatal NI connect error 12170.

  VERSION INFORMATION:
	TNS for Linux: Version 10.2.0.3.0 - Production
	TCP/IP NT Protocol Adapter for Linux: Version 10.2.0.3.0 - Production
  Time: 17-MAR-2011 22:43:00
  Tracing not turned on.
  Tns error struct:
    ns main err code: 12535
    TNS-12535: Message 12535 not found; No message file for product=network, facility=TNS
    ns secondary err code: 12560
    nt main err code: 505
    TNS-00505: Message 505 not found; No message file for product=network, facility=TNS
    nt secondary err code: 110
    nt OS err code: 0
  Client address: <unknown>
  Client address: <unknown>


***********************************************************************
Fatal NI connect error 12170.

  VERSION INFORMATION:
	TNS for Linux: Version 10.2.0.3.0 - Production
	TCP/IP NT Protocol Adapter for Linux: Version 10.2.0.3.0 - Production
  Time: 17-MAR-2011 23:03:56
  Tracing not turned on.
  Tns error struct:
    ns main err code: 12535
    TNS-12535: Message 12535 not found; No message file for product=network, facility=TNS
    ns secondary err code: 12560
    nt main err code: 505
    TNS-00505: Message 505 not found; No message file for product=network, facility=TNS
    nt secondary err code: 110
    nt OS err code: 0
  Client address: <unknown>
  Client address: <unknown>


***********************************************************************
Fatal NI connect error 12170.

  VERSION INFORMATION:
	TNS for Linux: Version 10.2.0.3.0 - Production
	TCP/IP NT Protocol Adapter for Linux: Version 10.2.0.3.0 - Production
  Time: 24-JUN-2011 10:13:18
  Tracing not turned on.
  Tns error struct:
    ns main err code: 12535
    TNS-12535: Message 12535 not found; No message file for product=network, facility=TNS
    ns secondary err code: 12560
    nt main err code: 505
    TNS-00505: Message 505 not found; No message file for product=network, facility=TNS
    nt secondary err code: 110
    nt OS err code: 0


***********************************************************************

***********************************************************************
Fatal NI connect error 12170.

Fatal NI connect error 12170.

  VERSION INFORMATION:
	TNS for Linux: Version 10.2.0.3.0 - Production
	TCP/IP NT Protocol Adapter for Linux: Version 10.2.0.3.0 - Production
  Time: 24-JUN-2011 10:13:45
  Tracing not turned on.
  Tns error struct:
    ns main err code: 12535

  VERSION INFORMATION:
	TNS for Linux: Version 10.2.0.3.0 - Production
	TCP/IP NT Protocol Adapter for Linux: Version 10.2.0.3.0 - Production
  Time: 24-JUN-2011 10:13:45
  Tracing not turned on.
  Tns error struct:
    ns main err code: 12535
        TNS-12535: Message 12535 not found; No message file for product=network, facility=TNS
    ns secondary err code: 12560
    nt main err code: 505
TNS-12535: Message 12535 not found; No message file for product=network, facility=TNS
    ns secondary err code: 12560
    nt main err code: 505
    TNS-00505: Message 505 not found; No message file for product=network, facility=TNS
    nt secondary err code: 110
    nt OS err code: 0
    TNS-00505: Message 505 not found; No message file for product=network, facility=TNS
    nt secondary err code: 110
    nt OS err code: 0


***********************************************************************
Fatal NI connect error 12170.

  VERSION INFORMATION:
	TNS for Linux: Version 10.2.0.3.0 - Production
	TCP/IP NT Protocol Adapter for Linux: Version 10.2.0.3.0 - Production
  Time: 24-JUN-2011 10:13:46
  Tracing not turned on.
  Tns error struct:
    ns main err code: 12535
    TNS-12535: Message 12535 not found; No message file for product=network, facility=TNS
    ns secondary err code: 12560
    nt main err code: 505
    TNS-00505: Message 505 not found; No message file for product=network, facility=TNS
    nt secondary err code: 110
    nt OS err code: 0
  Client address: <unknown>


***********************************************************************
Fatal NI connect error 12170.


***********************************************************************
Fatal NI connect error 12170.

  VERSION INFORMATION:
	TNS for Linux: Version 10.2.0.3.0 - Production
	TCP/IP NT Protocol Adapter for Linux: Version 10.2.0.3.0 - Production
  Time: 24-JUN-2011 10:14:24
  Tracing not turned on.
  Tns error struct:
    ns main err code: 12535

  VERSION INFORMATION:
	TNS for Linux: Version 10.2.0.3.0 - Production
	TCP/IP NT Protocol Adapter for Linux: Version 10.2.0.3.0 - Production
  Time: 24-JUN-2011 10:14:24
  Tracing not turned on.
  Tns error struct:
    ns main err code: 12535
    TNS-12535: Message 12535 not found; No message file for product=network, facility=TNS
    ns secondary err code: 12560
    nt main err code: 505
    TNS-00505: Message 505 not found; No message file for product=network, facility=TNS
    nt secondary err code: 110
    nt OS err code: 0
    TNS-12535: Message 12535 not found; No message file for product=network, facility=TNS
    ns secondary err code: 12560
    nt main err code: 505
    TNS-00505: Message 505 not found; No message file for product=network, facility=TNS
    nt secondary err code: 110
    nt OS err code: 0
  Client address: <unknown>


***********************************************************************
Fatal NI connect error 12170.

  VERSION INFORMATION:
	TNS for Linux: Version 10.2.0.3.0 - Production
	TCP/IP NT Protocol Adapter for Linux: Version 10.2.0.3.0 - Production
  Time: 24-JUN-2011 10:16:17
  Tracing not turned on.
  Tns error struct:
    ns main err code: 12535
    TNS-12535: Message 12535 not found; No message file for product=network, facility=TNS
    ns secondary err code: 12560
    nt main err code: 505
    TNS-00505: Message 505 not found; No message file for product=network, facility=TNS
    nt secondary err code: 110
    nt OS err code: 0
  Client address: <unknown>


***********************************************************************

***********************************************************************
Fatal NI connect error 12170.

Fatal NI connect error 12170.

  VERSION INFORMATION:
	TNS for Linux: Version 10.2.0.3.0 - Production
	TCP/IP NT Protocol Adapter for Linux: Version 10.2.0.3.0 - Production
  Time: 24-JUN-2011 10:21:32

  VERSION INFORMATION:
	TNS for Linux: Version 10.2.0.3.0 - Production
	TCP/IP NT Protocol Adapter for Linux: Version 10.2.0.3.0 - Production
  Time: 24-JUN-2011 10:21:32
  Tracing not turned on.
  Tns error struct:
    ns main err code: 12535
  Tracing not turned on.
  Tns error struct:
    ns main err code: 12535
        TNS-12535: Message 12535 not found; No message file for product=network, facility=TNS
    ns secondary err code: 12560
    nt main err code: 505
TNS-12535: Message 12535 not found; No message file for product=network, facility=TNS
    ns secondary err code: 12560
    nt main err code: 505
    TNS-00505: Message 505 not found; No message file for product=network, facility=TNS
    nt secondary err code: 110
    nt OS err code: 0
    TNS-00505: Message 505 not found; No message file for product=network, facility=TNS
    nt secondary err code: 110
    nt OS err code: 0


***********************************************************************
Fatal NI connect error 12170.

  VERSION INFORMATION:
	TNS for Linux: Version 10.2.0.3.0 - Production
	TCP/IP NT Protocol Adapter for Linux: Version 10.2.0.3.0 - Production
  Time: 24-JUN-2011 10:21:32
  Tracing not turned on.
  Tns error struct:
    ns main err code: 12535
    TNS-12535: Message 12535 not found; No message file for product=network, facility=TNS
    ns secondary err code: 12560
    nt main err code: 505
    TNS-00505: Message 505 not found; No message file for product=network, facility=TNS
    nt secondary err code: 110
    nt OS err code: 0
  Client address: <unknown>


***********************************************************************
Fatal NI connect error 12170.

  VERSION INFORMATION:
	TNS for Linux: Version 10.2.0.3.0 - Production
	TCP/IP NT Protocol Adapter for Linux: Version 10.2.0.3.0 - Production
  Time: 24-JUN-2011 10:22:45
  Tracing not turned on.
  Tns error struct:
    ns main err code: 12535
    TNS-12535: Message 12535 not found; No message file for product=network, facility=TNS
    ns secondary err code: 12560
    nt main err code: 505
    TNS-00505: Message 505 not found; No message file for product=network, facility=TNS
    nt secondary err code: 110
    nt OS err code: 0
  Client address: <unknown>
  Client address: <unknown>
  Client address: <unknown>
  Client address: <unknown>


***********************************************************************

***********************************************************************
Fatal NI connect error 12170.

Fatal NI connect error 12170.

  VERSION INFORMATION:
	TNS for Linux: Version 10.2.0.3.0 - Production
	TCP/IP NT Protocol Adapter for Linux: Version 10.2.0.3.0 - Production
  Time: 24-JUN-2011 10:35:03
  Tracing not turned on.
  Tns error struct:

  VERSION INFORMATION:
	TNS for Linux: Version 10.2.0.3.0 - Production
	TCP/IP NT Protocol Adapter for Linux: Version 10.2.0.3.0 - Production
  Time: 24-JUN-2011 10:35:03
  Tracing not turned on.
  Tns error struct:
    ns main err code: 12535
    ns main err code: 12535
    TNS-12535: Message 12535 not found; No message file for product=network, facility=TNS
    ns secondary err code: 12560
    nt main err code: 505
        TNS-00505: Message 505 not found; No message file for product=network, facility=TNS
    nt secondary err code: 110
    nt OS err code: 0
TNS-12535: Message 12535 not found; No message file for product=network, facility=TNS
    ns secondary err code: 12560
    nt main err code: 505
    TNS-00505: Message 505 not found; No message file for product=network, facility=TNS
    nt secondary err code: 110
    nt OS err code: 0
  Client address: <unknown>
  Client address: <unknown>
  Client address: <unknown>
  Client address: <unknown>
  Client address: <unknown>


***********************************************************************
Fatal NI connect error 12543, connecting to:
 (DESCRIPTION=(ADDRESS=(PROTOCOL=TCP)(HOST=200.3.192.17)(PORT=1521))(CONNECT_DATA=(SID=BIBLIO)(CID=(PROGRAM=httpd)(HOST=starscream)(USER=icapp))))

  VERSION INFORMATION:
	TNS for Linux: Version 10.2.0.3.0 - Production
	TCP/IP NT Protocol Adapter for Linux: Version 10.2.0.3.0 - Production
  Time: 27-JUN-2011 10:23:52
  Tracing not turned on.
  Tns error struct:
    ns main err code: 12543
    TNS-12543: Message 12543 not found; No message file for product=network, facility=TNS
    ns secondary err code: 12560
    nt main err code: 513
    TNS-00513: Message 513 not found; No message file for product=network, facility=TNS
    nt secondary err code: 101
    nt OS err code: 0


***********************************************************************
Fatal NI connect error 12537, connecting to:
 (DESCRIPTION=(ADDRESS=(PROTOCOL=TCP)(HOST=200.3.192.17)(PORT=1521))(CONNECT_DATA=(SID=BIBLIO)(CID=(PROGRAM=httpd)(HOST=starscream)(USER=icapp))))

  VERSION INFORMATION:
	TNS for Linux: Version 10.2.0.3.0 - Production
	TCP/IP NT Protocol Adapter for Linux: Version 10.2.0.3.0 - Production
  Time: 24-JUL-2012 17:00:40
  Tracing not turned on.
  Tns error struct:
    ns main err code: 12537
    TNS-12537: Message 12537 not found; No message file for product=network, facility=TNS
    ns secondary err code: 12560
    nt main err code: 507
    TNS-00507: Message 507 not found; No message file for product=network, facility=TNS
    nt secondary err code: 0


***********************************************************************
Fatal NI connect error 12537, connecting to:
 (DESCRIPTION=(ADDRESS=(PROTOCOL=TCP)(HOST=200.3.192.17)(PORT=1521))(CONNECT_DATA=(SID=BIBLIO)(CID=(PROGRAM=httpd@rodimus)(HOST=rodimus)(USER=icapp))))

  VERSION INFORMATION:
	TNS for Linux: Version 10.2.0.3.0 - Production
	TCP/IP NT Protocol Adapter for Linux: Version 10.2.0.3.0 - Production
  Time: 24-JUL-2012 17:00:38
  Tracing not turned on.
  Tns error struct:
    ns main err code: 12537
    TNS-12537: Message 12537 not found; No message file for product=network, facility=TNS
    ns secondary err code: 12560
    nt main err code: 507
    TNS-00507: Message 507 not found; No message file for product=network, facility=TNS
    nt secondary err code: 0
    nt OS err code: 0


***********************************************************************
Fatal NI connect error 12537, connecting to:
 (DESCRIPTION=(ADDRESS=(PROTOCOL=TCP)(HOST=200.3.192.17)(PORT=1521))(CONNECT_DATA=(SID=BIBLIO)(CID=(PROGRAM=httpd)(HOST=starscream)(USER=icapp))))

  VERSION INFORMATION:
	TNS for Linux: Version 10.2.0.3.0 - Production
	TCP/IP NT Protocol Adapter for Linux: Version 10.2.0.3.0 - Production
  Time: 24-JUL-2012 17:00:43
  Tracing not turned on.
  Tns error struct:
    ns main err code: 12537
    TNS-12537: Message 12537 not found; No message file for product=network, facility=TNS
    ns secondary err code: 12560
    nt main err code: 507
    TNS-00507: Message 507 not found; No message file for product=network, facility=TNS
    nt secondary err code: 0
    nt OS err code: 0


***********************************************************************
Fatal NI connect error 12537, connecting to:
 (DESCRIPTION=(ADDRESS=(PROTOCOL=TCP)(HOST=200.3.192.17)(PORT=1521))(CONNECT_DATA=(SID=BIBLIO)(CID=(PROGRAM=httpd)(HOST=rodimus)(USER=icapp))))

  VERSION INFORMATION:
	TNS for Linux: Version 10.2.0.3.0 - Production
	TCP/IP NT Protocol Adapter for Linux: Version 10.2.0.3.0 - Production
  Time: 24-JUL-2012 17:01:02
  Tracing not turned on.
  Tns error struct:
    ns main err code: 12537
    TNS-12537: Message 12537 not found; No message file for product=network, facility=TNS
    ns secondary err code: 12560
    nt main err code: 507
    TNS-00507: Message 507 not found; No message file for product=network, facility=TNS
    nt secondary err code: 0
    nt OS err code: 0


***********************************************************************
Fatal NI connect error 12537, connecting to:
 (DESCRIPTION=(ADDRESS=(PROTOCOL=TCP)(HOST=200.3.192.17)(PORT=1521))(CONNECT_DATA=(SID=BIBLIO)(CID=(PROGRAM=httpd)(HOST=starscream)(USER=icapp))))

  VERSION INFORMATION:
	TNS for Linux: Version 10.2.0.3.0 - Production
	TCP/IP NT Protocol Adapter for Linux: Version 10.2.0.3.0 - Production
  Time: 24-JUL-2012 17:01:43
  Tracing not turned on.
  Tns error struct:
    ns main err code: 12537
    TNS-12537: Message 12537 not found; No message file for product=network, facility=TNS
    ns secondary err code: 12560
    nt main err code: 507
    TNS-00507: Message 507 not found; No message file for product=network, facility=TNS
    nt secondary err code: 0
    nt OS err code: 0
    nt OS err code: 0


***********************************************************************
Fatal NI connect error 12560, connecting to:
 (DESCRIPTION=(ADDRESS=(PROTOCOL=TCP)(HOST=simbiosis.icesi.edu.co)(PORT=1521))(CONNECT_DATA=(SID=bdicesi)(CID=(PROGRAM=httpd)(HOST=rodimus)(USER=icapp))))

  VERSION INFORMATION:
	TNS for Linux: Version 10.2.0.3.0 - Production
	TCP/IP NT Protocol Adapter for Linux: Version 10.2.0.3.0 - Production
  Time: 26-AGO-2012 20:24:13
  Tracing not turned on.
  Tns error struct:
    ns main err code: 12560
    TNS-12560: Message 12560 not found; No message file for product=network, facility=TNS
    ns secondary err code: 0
    nt main err code: 530
    TNS-00530: Message 530 not found; No message file for product=network, facility=TNS
    nt secondary err code: 113
    nt OS err code: 0


***********************************************************************
Fatal NI connect error 12560, connecting to:
 (DESCRIPTION=(ADDRESS=(PROTOCOL=TCP)(HOST=simbiosis.icesi.edu.co)(PORT=1521))(CONNECT_DATA=(SID=bdicesi)(CID=(PROGRAM=httpd)(HOST=rodimus)(USER=icapp))))

  VERSION INFORMATION:
	TNS for Linux: Version 10.2.0.3.0 - Production
	TCP/IP NT Protocol Adapter for Linux: Version 10.2.0.3.0 - Production
  Time: 26-AGO-2012 20:27:13
  Tracing not turned on.
  Tns error struct:
    ns main err code: 12560
    TNS-12560: Message 12560 not found; No message file for product=network, facility=TNS
    ns secondary err code: 0
    nt main err code: 530
    TNS-00530: Message 530 not found; No message file for product=network, facility=TNS
    nt secondary err code: 113
    nt OS err code: 0


***********************************************************************
Fatal NI connect error 12560, connecting to:
 (DESCRIPTION=(ADDRESS=(PROTOCOL=TCP)(HOST=simbiosis.icesi.edu.co)(PORT=1521))(CONNECT_DATA=(SID=bdicesi)(CID=(PROGRAM=httpd)(HOST=rodimus)(USER=icapp))))

  VERSION INFORMATION:
	TNS for Linux: Version 10.2.0.3.0 - Production
	TCP/IP NT Protocol Adapter for Linux: Version 10.2.0.3.0 - Production
  Time: 26-AGO-2012 20:29:13
  Tracing not turned on.
  Tns error struct:
    ns main err code: 12560
    TNS-12560: Message 12560 not found; No message file for product=network, facility=TNS
    ns secondary err code: 0
    nt main err code: 530
    TNS-00530: Message 530 not found; No message file for product=network, facility=TNS
    nt secondary err code: 113
    nt OS err code: 0
